pg_dump: last built-in OID is 16383
pg_dump: reading extensions
pg_dump: identifying extension members
pg_dump: reading schemas
pg_dump: reading user-defined tables
pg_dump: reading user-defined functions
pg_dump: reading user-defined types
pg_dump: reading procedural languages
pg_dump: reading user-defined aggregate functions
pg_dump: reading user-defined operators
pg_dump: reading user-defined access methods
pg_dump: reading user-defined operator classes
pg_dump: reading user-defined operator families
pg_dump: reading user-defined text search parsers
pg_dump: reading user-defined text search templates
pg_dump: reading user-defined text search dictionaries
pg_dump: reading user-defined text search configurations
pg_dump: reading user-defined foreign-data wrappers
pg_dump: reading user-defined foreign servers
pg_dump: reading default privileges
pg_dump: reading user-defined collations
pg_dump: reading user-defined conversions
pg_dump: reading type casts
pg_dump: reading transforms
pg_dump: reading table inheritance information
pg_dump: reading event triggers
pg_dump: finding extension tables
pg_dump: finding inheritance relationships
pg_dump: reading column info for interesting tables
pg_dump: finding table default expressions
pg_dump: flagging inherited columns in subtables
pg_dump: reading partitioning data
pg_dump: reading indexes
pg_dump: flagging indexes in partitioned tables
pg_dump: reading extended statistics
pg_dump: reading constraints
pg_dump: reading triggers
pg_dump: reading rewrite rules
pg_dump: reading policies
pg_dump: reading row-level security policies
pg_dump: reading publications
pg_dump: reading publication membership of tables
pg_dump: reading publication membership of schemas
pg_dump: reading subscriptions
pg_dump: reading large objects
pg_dump: reading dependency data
pg_dump: saving encoding = UTF8
pg_dump: saving standard_conforming_strings = on
pg_dump: saving search_path =
pg_dump: creating TABLE "public.author"
pg_dump: creating TABLE "public.book"
pg_dump: creating TABLE "public.location"
pg_dump: creating TABLE "public.publishedby"
pg_dump: creating TABLE "public.publisher"
pg_dump: creating TABLE "public.reader"
pg_dump: creating TABLE "public.reservation"
pg_dump: creating TABLE "public.shelf"
pg_dump: creating TABLE "public.suppliedby"
pg_dump: creating TABLE "public.supplier"
pg_dump: creating TABLE "public.writtenby"
pg_dump: processing data for table "public.author"
pg_dump: dumping contents of table "public.author"
pg_dump: processing data for table "public.book"
pg_dump: dumping contents of table "public.book"
pg_dump: processing data for table "public.location"
pg_dump: dumping contents of table "public.location"
pg_dump: processing data for table "public.publishedby"
pg_dump: dumping contents of table "public.publishedby"
pg_dump: processing data for table "public.publisher"
pg_dump: dumping contents of table "public.publisher"
pg_dump: processing data for table "public.reader"
pg_dump: dumping contents of table "public.reader"
pg_dump: processing data for table "public.reservation"
pg_dump: dumping contents of table "public.reservation"
pg_dump: processing data for table "public.shelf"
pg_dump: dumping contents of table "public.shelf"
pg_dump: processing data for table "public.suppliedby"
pg_dump: dumping contents of table "public.suppliedby"
pg_dump: processing data for table "public.supplier"
pg_dump: dumping contents of table "public.supplier"
pg_dump: processing data for table "public.writtenby"
pg_dump: dumping contents of table "public.writtenby"
pg_dump: creating CONSTRAINT "public.author author_pkey"
pg_dump: creating CONSTRAINT "public.location location_pkey"
pg_dump: creating CONSTRAINT "public.publishedby publishedby_pkey"
pg_dump: creating CONSTRAINT "public.publisher publisher_pkey"
pg_dump: creating CONSTRAINT "public.reader reader_pkey"
pg_dump: creating CONSTRAINT "public.reservation reservation_pkey"
pg_dump: creating CONSTRAINT "public.shelf shelf_pkey"
pg_dump: creating CONSTRAINT "public.suppliedby suppliedby_pkey"
pg_dump: creating CONSTRAINT "public.supplier supplier_pkey"
pg_dump: creating CONSTRAINT "public.writtenby writtenby_pkey"